<?xml version="1.0" encoding="UTF-8"?>
<!-- Generated by org.testng.reporters.JUnitXMLReporter -->
<testsuite ignored="1" hostname="192.168.1.101" failures="0" tests="1" name="Test" time="72.918" errors="0" timestamp="2024-01-27T12:01:56 GMT">
  <testcase classname="com.openorangehrm.LoginTest" name="verifyValidLoginDetails" time="54.68"/>
  <testcase classname="com.openorangehrm.LoginTest" name="verifyInvalidcredentails" time="0.0">
    <ignored/>
  </testcase> <!-- verifyInvalidcredentails -->
</testsuite> <!-- Test -->
