<?xml version="1.0" encoding="UTF-8"?>
<testng-results ignored="0" total="1" passed="1" failed="0" skipped="0">
  <reporter-output>
  </reporter-output>
  <suite started-at="2024-02-11T10:56:23 GMT" name="Default suite" finished-at="2024-02-11T10:59:14 GMT" duration-ms="171349">
    <groups>
    </groups>
    <test started-at="2024-02-11T10:56:23 GMT" name="Default test" finished-at="2024-02-11T10:59:14 GMT" duration-ms="171349">
      <class name="com.openorangehrm.PIMTest">
        <test-method is-config="true" signature="launchApplication()[pri:0, instance:com.openorangehrm.PIMTest@5276e6b0]" started-at="2024-02-11T10:56:23 GMT" name="launchApplication" finished-at="2024-02-11T10:57:27 GMT" duration-ms="63427" status="PASS">
          <reporter-output>
          </reporter-output>
        </test-method> <!-- launchApplication -->
        <test-method signature="SearchScheduledLeave()[pri:0, instance:com.openorangehrm.PIMTest@5276e6b0]" started-at="2024-02-11T10:57:27 GMT" name="SearchScheduledLeave" finished-at="2024-02-11T10:59:14 GMT" duration-ms="107552" status="PASS">
          <reporter-output>
          </reporter-output>
        </test-method> <!-- SearchScheduledLeave -->
        <test-method is-config="true" signature="tearDown()[pri:0, instance:com.openorangehrm.PIMTest@5276e6b0]" started-at="2024-02-11T10:59:14 GMT" name="tearDown" finished-at="2024-02-11T10:59:14 GMT" duration-ms="297" status="PASS">
          <reporter-output>
          </reporter-output>
        </test-method> <!-- tearDown -->
      </class> <!-- com.openorangehrm.PIMTest -->
    </test> <!-- Default test -->
  </suite> <!-- Default suite -->
</testng-results>
